# JRE version: OpenJDK Runtime Environment Temurin-17.0.11+9 (17.0.11+9) (build 17.0.11+9)
# Java VM: OpenJDK 64-Bit Server VM Temurin-17.0.11+9 (17.0.11+9, mixed mode, emulated-client, tiered, compressed oops, compressed class ptrs, g1 gc, windows-amd64)
GC Precious Log:
 CPUs: 16 total, 16 available
 Memory: 15741M
 Large Page Support: Disabled
 NUMA Support: Disabled
 Compressed Oops: Enabled (32-bit)
 Heap Region Size: 1M
 Heap Min Capacity: 8M
 Heap Initial Capacity: 246M
 Heap Max Capacity: 1G
 Pre-touch: Disabled
 Parallel Workers: 13
 Concurrent Workers: 3
 Concurrent Refinement Workers: 13
 Periodic GC: Disabled
Heap:
 garbage-first heap   total 95232K, used 36347K [0x00000000c0000000, 0x0000000100000000)
  region size 1024K, 1 young (1024K), 0 survivors (0K)
 Metaspace       used 59663K, committed 60160K, reserved 1114112K
  class space    used 7459K, committed 7680K, reserved 1048576K
GC Heap History (20 events):
Event: 2984.316 GC heap before
{Heap before GC invocations=230 (full 192):
 garbage-first heap   total 95232K, used 78930K [0x00000000c0000000, 0x0000000100000000)
  region size 1024K, 42 young (43008K), 3 survivors (3072K)
 Metaspace       used 59677K, committed 60160K, reserved 1114112K
  class space    used 7462K, committed 7680K, reserved 1048576K
}
Event: 2984.318 GC heap after
{Heap after GC invocations=231 (full 192):
 garbage-first heap   total 95232K, used 37323K [0x00000000c0000000, 0x0000000100000000)
  region size 1024K, 1 young (1024K), 1 survivors (1024K)
 Metaspace       used 59677K, committed 60160K, reserved 1114112K
  class space    used 7462K, committed 7680K, reserved 1048576K
}
Event: 2997.201 GC heap before
{Heap before GC invocations=231 (full 192):
 garbage-first heap   total 95232K, used 79307K [0x00000000c0000000, 0x0000000100000000)
  region size 1024K, 42 young (43008K), 1 survivors (1024K)
 Metaspace       used 59680K, committed 60160K, reserved 1114112K
  class space    used 7462K, committed 7680K, reserved 1048576K
}
Event: 2997.202 GC heap after
{Heap after GC invocations=232 (full 192):
 garbage-first heap   total 95232K, used 38675K [0x00000000c0000000, 0x0000000100000000)
  region size 1024K, 3 young (3072K), 3 survivors (3072K)
 Metaspace       used 59680K, committed 60160K, reserved 1114112K
  class space    used 7462K, committed 7680K, reserved 1048576K
}
Event: 3028.293 GC heap before
{Heap before GC invocations=232 (full 192):
 garbage-first heap   total 95232K, used 77587K [0x00000000c0000000, 0x0000000100000000)
  region size 1024K, 41 young (41984K), 3 survivors (3072K)
 Metaspace       used 59687K, committed 60160K, reserved 1114112K
  class space    used 7463K, committed 7680K, reserved 1048576K
}
Event: 3028.295 GC heap after
{Heap after GC invocations=233 (full 192):
 garbage-first heap   total 95232K, used 39908K [0x00000000c0000000, 0x0000000100000000)
  region size 1024K, 4 young (4096K), 4 survivors (4096K)
 Metaspace       used 59687K, committed 60160K, reserved 1114112K
  class space    used 7463K, committed 7680K, reserved 1048576K
}
Event: 3030.234 GC heap before
{Heap before GC invocations=233 (full 192):
 garbage-first heap   total 95232K, used 76772K [0x00000000c0000000, 0x0000000100000000)
  region size 1024K, 40 young (40960K), 4 survivors (4096K)
 Metaspace       used 59687K, committed 60160K, reserved 1114112K
  class space    used 7463K, committed 7680K, reserved 1048576K
}
Event: 3030.236 GC heap after
{Heap after GC invocations=234 (full 192):
 garbage-first heap   total 95232K, used 38461K [0x00000000c0000000, 0x0000000100000000)
  region size 1024K, 2 young (2048K), 2 survivors (2048K)
 Metaspace       used 59687K, committed 60160K, reserved 1114112K
  class space    used 7463K, committed 7680K, reserved 1048576K
}
Event: 3032.249 GC heap before
{Heap before GC invocations=234 (full 192):
 garbage-first heap   total 95232K, used 76349K [0x00000000c0000000, 0x0000000100000000)
  region size 1024K, 39 young (39936K), 2 survivors (2048K)
 Metaspace       used 59687K, committed 60160K, reserved 1114112K
  class space    used 7463K, committed 7680K, reserved 1048576K
}
Event: 3032.250 GC heap after
{Heap after GC invocations=235 (full 192):
 garbage-first heap   total 95232K, used 37291K [0x00000000c0000000, 0x0000000100000000)
  region size 1024K, 1 young (1024K), 1 survivors (1024K)
 Metaspace       used 59687K, committed 60160K, reserved 1114112K
  class space    used 7463K, committed 7680K, reserved 1048576K
}
Event: 3067.990 GC heap before
{Heap before GC invocations=235 (full 192):
 garbage-first heap   total 95232K, used 51627K [0x00000000c0000000, 0x0000000100000000)
  region size 1024K, 16 young (16384K), 1 survivors (1024K)
 Metaspace       used 59687K, committed 60160K, reserved 1114112K
  class space    used 7463K, committed 7680K, reserved 1048576K
}
Event: 3068.018 GC heap after
{Heap after GC invocations=236 (full 193):
 garbage-first heap   total 95232K, used 36877K [0x00000000c0000000, 0x0000000100000000)
  region size 1024K, 0 young (0K), 0 survivors (0K)
 Metaspace       used 59687K, committed 60160K, reserved 1114112K
  class space    used 7463K, committed 7680K, reserved 1048576K
}
Event: 3078.127 GC heap before
{Heap before GC invocations=236 (full 193):
 garbage-first heap   total 95232K, used 36877K [0x00000000c0000000, 0x0000000100000000)
  region size 1024K, 1 young (1024K), 0 survivors (0K)
 Metaspace       used 59687K, committed 60160K, reserved 1114112K
  class space    used 7463K, committed 7680K, reserved 1048576K
}
Event: 3078.154 GC heap after
{Heap after GC invocations=237 (full 194):
 garbage-first heap   total 95232K, used 36876K [0x00000000c0000000, 0x0000000100000000)
  region size 1024K, 0 young (0K), 0 survivors (0K)
 Metaspace       used 59687K, committed 60160K, reserved 1114112K
  class space    used 7463K, committed 7680K, reserved 1048576K
}
Event: 3088.265 GC heap before
{Heap before GC invocations=237 (full 194):
 garbage-first heap   total 95232K, used 36876K [0x00000000c0000000, 0x0000000100000000)
  region size 1024K, 1 young (1024K), 0 survivors (0K)
 Metaspace       used 59687K, committed 60160K, reserved 1114112K
  class space    used 7463K, committed 7680K, reserved 1048576K
}
Event: 3088.294 GC heap after
{Heap after GC invocations=238 (full 195):
 garbage-first heap   total 95232K, used 36876K [0x00000000c0000000, 0x0000000100000000)
  region size 1024K, 0 young (0K), 0 survivors (0K)
 Metaspace       used 59687K, committed 60160K, reserved 1114112K
  class space    used 7463K, committed 7680K, reserved 1048576K
}
Event: 3098.407 GC heap before
{Heap before GC invocations=238 (full 195):
 garbage-first heap   total 95232K, used 36876K [0x00000000c0000000, 0x0000000100000000)
  region size 1024K, 1 young (1024K), 0 survivors (0K)
 Metaspace       used 59687K, committed 60160K, reserved 1114112K
  class space    used 7463K, committed 7680K, reserved 1048576K
}
Event: 3098.446 GC heap after
{Heap after GC invocations=239 (full 196):
 garbage-first heap   total 95232K, used 36347K [0x00000000c0000000, 0x0000000100000000)
  region size 1024K, 0 young (0K), 0 survivors (0K)
 Metaspace       used 59663K, committed 60160K, reserved 1114112K
  class space    used 7459K, committed 7680K, reserved 1048576K
}
Event: 3108.774 GC heap before
{Heap before GC invocations=239 (full 196):
 garbage-first heap   total 95232K, used 36347K [0x00000000c0000000, 0x0000000100000000)
  region size 1024K, 1 young (1024K), 0 survivors (0K)
 Metaspace       used 59663K, committed 60160K, reserved 1114112K
  class space    used 7459K, committed 7680K, reserved 1048576K
}
Event: 3108.829 GC heap after
{Heap after GC invocations=240 (full 197):
 garbage-first heap   total 95232K, used 36347K [0x00000000c0000000, 0x0000000100000000)
  region size 1024K, 0 young (0K), 0 survivors (0K)
 Metaspace       used 59663K, committed 60160K, reserved 1114112K
  class space    used 7459K, committed 7680K, reserved 1048576K
}

